<?xml version="1.0" encoding="UTF-8"?>
<testsuites>
  <testsuite name="EscapeHitherCRUDBUNDLE test suite" tests="8" assertions="14" failures="0" errors="0" time="0.018056">
    <testsuite name="EscapeHither\CrudManagerBundle\Tests\EscapeHitherCrudManagerBundleTest" file="/home/shorinmaru/Projet/CrudBundle/Tests/EscapeHitherCrudManagerBundleTest.php" tests="1" assertions="1" failures="0" errors="0" time="0.009799">
      <testcase name="testBuild" class="EscapeHither\CrudManagerBundle\Tests\EscapeHitherCrudManagerBundleTest" file="/home/shorinmaru/Projet/CrudBundle/Tests/EscapeHitherCrudManagerBundleTest.php" line="16" assertions="1" time="0.009799"/>
    </testsuite>
    <testsuite name="EscapeHither\CrudManagerBundle\Tests\Services\RequestParameterHandlerTest" file="/home/shorinmaru/Projet/CrudBundle/Tests/Services/RequestParameterHandlerTest.php" tests="7" assertions="13" failures="0" errors="0" time="0.008257">
      <testcase name="testBuild" class="EscapeHither\CrudManagerBundle\Tests\Services\RequestParameterHandlerTest" file="/home/shorinmaru/Projet/CrudBundle/Tests/Services/RequestParameterHandlerTest.php" line="25" assertions="2" time="0.005772"/>
      <testcase name="testGetActionName" class="EscapeHither\CrudManagerBundle\Tests\Services\RequestParameterHandlerTest" file="/home/shorinmaru/Projet/CrudBundle/Tests/Services/RequestParameterHandlerTest.php" line="33" assertions="10" time="0.001847"/>
      <testcase name="testGetRouteName" class="EscapeHither\CrudManagerBundle\Tests\Services\RequestParameterHandlerTest" file="/home/shorinmaru/Projet/CrudBundle/Tests/Services/RequestParameterHandlerTest.php" line="57" assertions="1" time="0.000270"/>
      <testcase name="testGetResourceClass" class="EscapeHither\CrudManagerBundle\Tests\Services\RequestParameterHandlerTest" file="/home/shorinmaru/Projet/CrudBundle/Tests/Services/RequestParameterHandlerTest.php" line="66" assertions="0" time="0.000090"/>
      <testcase name="testGenerateDeleteRoute" class="EscapeHither\CrudManagerBundle\Tests\Services\RequestParameterHandlerTest" file="/home/shorinmaru/Projet/CrudBundle/Tests/Services/RequestParameterHandlerTest.php" line="69" assertions="0" time="0.000095"/>
      <testcase name="testGetFormat" class="EscapeHither\CrudManagerBundle\Tests\Services\RequestParameterHandlerTest" file="/home/shorinmaru/Projet/CrudBundle/Tests/Services/RequestParameterHandlerTest.php" line="72" assertions="0" time="0.000091"/>
      <testcase name="testGetRedirectionRoute" class="EscapeHither\CrudManagerBundle\Tests\Services\RequestParameterHandlerTest" file="/home/shorinmaru/Projet/CrudBundle/Tests/Services/RequestParameterHandlerTest.php" line="78" assertions="0" time="0.000092"/>
    </testsuite>
  </testsuite>
</testsuites>
